<?xml version="1.0" encoding="UTF-8"?>
<!-- Generated by org.testng.reporters.JUnitXMLReporter -->
<testsuite ignored="0" hostname="LAPTOP-SJO5D4J0" failures="0" tests="10" name="Test" time="104.272" errors="0" timestamp="2022-05-17T16:40:28 IST">
  <testcase classname="testcases.credentials" name="getexcel" time="8.736"/>
  <testcase classname="testcases.privacy" name="policy" time="7.984"/>
  <testcase classname="testcases.titlepage" name="gift" time="4.988"/>
  <testcase classname="testcases.titlepage" name="title" time="0.556"/>
  <testcase classname="testcases.titlepage" name="urbanStore" time="10.002"/>
  <testcase classname="testcases.signin" name="sign" time="21.17"/>
  <testcase classname="testcases.home" name="page" time="5.633"/>
  <testcase classname="testcases.home" name="scroll" time="5.563"/>
  <testcase classname="testcases.Study" name="study1" time="2.405"/>
  <testcase classname="testcases.login" name="login1" time="6.473"/>
</testsuite> <!-- Test -->
